tracker/build-f01-isolated/intermediates/manifest_merge_blame_file/debug/processDebugManifest/manifest-merger-blame-debug-report.txt
1<?xml version="1.0" encoding="utf-8"?>
2<manifest xmlns:android="http://schemas.android.com/apk/res/android"
3    xmlns:tools="http://schemas.android.com/tools"
4    package="com.adsamcik.tracker.tracker" >
5
6    <uses-sdk android:minSdkVersion="26" />
6-->INJECTED
6-->INJECTED
7
8    <uses-feature
8-->src\main\AndroidManifest.xml:4:5-6:36
9        android:name="android.hardware.location.gps"
9-->src\main\AndroidManifest.xml:5:9-53
10        android:required="false" />
10-->src\main\AndroidManifest.xml:6:9-33
11    <uses-feature
11-->src\main\AndroidManifest.xml:7:5-9:36
12        android:name="android.hardware.telephony"
12-->src\main\AndroidManifest.xml:8:9-50
13        android:required="false" />
13-->src\main\AndroidManifest.xml:9:9-33
14    <uses-feature
14-->src\main\AndroidManifest.xml:10:5-12:36
15        android:name="android.hardware.wifi"
15-->src\main\AndroidManifest.xml:11:9-45
16        android:required="false" />
16-->src\main\AndroidManifest.xml:12:9-33
17    <uses-feature
17-->src\main\AndroidManifest.xml:13:5-15:36
18        android:name="android.hardware.sensor.stepcounter"
18-->src\main\AndroidManifest.xml:14:9-59
19        android:required="false" />
19-->src\main\AndroidManifest.xml:15:9-33
20
21    <uses-permission android:name="android.permission.CHANGE_WIFI_STATE" />
21-->src\main\AndroidManifest.xml:18:5-76
21-->src\main\AndroidManifest.xml:18:22-73
22    <uses-permission android:name="android.permission.ACCESS_WIFI_STATE" />
22-->src\main\AndroidManifest.xml:19:5-76
22-->src\main\AndroidManifest.xml:19:22-73
23    <uses-permission android:name="android.permission.READ_PHONE_STATE" />
23-->src\main\AndroidManifest.xml:20:5-75
23-->src\main\AndroidManifest.xml:20:22-72
24    <uses-permission android:name="android.permission.ACCESS_FINE_LOCATION" />
24-->src\main\AndroidManifest.xml:21:5-79
24-->src\main\AndroidManifest.xml:21:22-76
25    <uses-permission android:name="android.permission.ACCESS_COARSE_LOCATION" />
25-->src\main\AndroidManifest.xml:22:5-81
25-->src\main\AndroidManifest.xml:22:22-78
26    <uses-permission android:name="android.permission.FOREGROUND_SERVICE" />
26-->src\main\AndroidManifest.xml:23:5-77
26-->src\main\AndroidManifest.xml:23:22-74
27    <uses-permission android:name="android.permission.FOREGROUND_SERVICE_LOCATION" />
27-->src\main\AndroidManifest.xml:24:5-86
27-->src\main\AndroidManifest.xml:24:22-83
28    <uses-permission android:name="android.permission.FOREGROUND_SERVICE_SPECIAL_USE" />
28-->src\main\AndroidManifest.xml:25:5-89
28-->src\main\AndroidManifest.xml:25:22-86
29
30    <permission
30-->src\main\AndroidManifest.xml:27:5-29:47
31        android:name="${applicationId}.permission.TRACKER"
31-->src\main\AndroidManifest.xml:28:9-59
32        android:protectionLevel="signature" />
32-->src\main\AndroidManifest.xml:29:9-44
33
34    <application>
34-->src\main\AndroidManifest.xml:31:5-72:19
35        <service
35-->src\main\AndroidManifest.xml:32:9-36:35
36            android:name="com.adsamcik.tracker.tracker.service.TrackerService"
36-->src\main\AndroidManifest.xml:33:13-79
37            android:exported="false"
37-->src\main\AndroidManifest.xml:34:13-37
38            android:foregroundServiceType="location"
38-->src\main\AndroidManifest.xml:35:13-53
39            tools:targetApi="q" />
39-->src\main\AndroidManifest.xml:36:13-32
40        <service
40-->src\main\AndroidManifest.xml:38:9-43:19
41            android:name="com.adsamcik.tracker.tracker.service.ActivityWatcherService"
41-->src\main\AndroidManifest.xml:39:13-87
42            android:exported="false"
42-->src\main\AndroidManifest.xml:41:13-37
43            android:foregroundServiceType="specialUse" >
43-->src\main\AndroidManifest.xml:40:13-55
44            <property
44-->src\main\AndroidManifest.xml:42:13-119
45                android:name="android.app.PROPERTY_SPECIAL_USE_FGS_SUBTYPE"
45-->src\main\AndroidManifest.xml:42:23-82
46                android:value="ActivityMonitoring" />
46-->src\main\AndroidManifest.xml:42:83-117
47        </service>
48
49        <activity
49-->src\main\AndroidManifest.xml:45:9-48:45
50            android:name="com.adsamcik.tracker.tracker.shortcut.ShortcutActivity"
50-->src\main\AndroidManifest.xml:46:13-82
51            android:screenOrientation="portrait"
51-->src\main\AndroidManifest.xml:47:13-49
52            tools:ignore="DiscouragedApi" />
52-->src\main\AndroidManifest.xml:48:13-42
53        <activity android:name="com.adsamcik.tracker.tracker.notification.NotificationManagementActivity" />
53-->src\main\AndroidManifest.xml:49:9-81
53-->src\main\AndroidManifest.xml:49:19-78
54
55        <receiver
55-->src\main\AndroidManifest.xml:51:9-57:20
56            android:name="com.adsamcik.tracker.tracker.receiver.TrackerNotificationReceiver"
56-->src\main\AndroidManifest.xml:52:13-93
57            android:exported="false" >
57-->src\main\AndroidManifest.xml:53:13-37
58            <intent-filter>
58-->src\main\AndroidManifest.xml:54:13-56:29
59                <action android:name="android.intent.action.MAIN" />
59-->src\main\AndroidManifest.xml:55:17-69
59-->src\main\AndroidManifest.xml:55:25-66
60            </intent-filter>
61        </receiver>
62        <receiver
62-->src\main\AndroidManifest.xml:59:9-61:39
63            android:name="com.adsamcik.tracker.tracker.receiver.TrackerTimeUnlockReceiver"
63-->src\main\AndroidManifest.xml:60:13-91
64            android:exported="false" />
64-->src\main\AndroidManifest.xml:61:13-37
65        <receiver
65-->src\main\AndroidManifest.xml:63:9-71:20
66            android:name="com.adsamcik.tracker.tracker.receiver.TrackerListenerRegistrationReceiver"
66-->src\main\AndroidManifest.xml:64:13-101
67            android:exported="false"
67-->src\main\AndroidManifest.xml:65:13-37
68            android:permission="${applicationId}.permission.TRACKER" >
68-->src\main\AndroidManifest.xml:66:13-69
69            <intent-filter>
69-->src\main\AndroidManifest.xml:67:13-70:29
70                <action android:name="com.adsamcik.tracker.listener.REGISTER" />
70-->src\main\AndroidManifest.xml:68:17-81
70-->src\main\AndroidManifest.xml:68:25-78
71                <action android:name="com.adsamcik.tracker.listener.UNREGISTER" />
71-->src\main\AndroidManifest.xml:69:17-83
71-->src\main\AndroidManifest.xml:69:25-80
72            </intent-filter>
73        </receiver>
74    </application>
75
76</manifest>